<?xml version="1.0" encoding="UTF-8"?>
<testng-results ignored="0" total="1" passed="1" failed="0" skipped="0">
  <reporter-output>
  </reporter-output>
  <suite started-at="2022-11-20T16:18:13 MSK" name="functional_test.LoginCavlinKleinTest" finished-at="2022-11-20T16:18:25 MSK" duration-ms="12231">
    <groups>
    </groups>
    <test started-at="2022-11-20T16:18:13 MSK" name="Command line test" finished-at="2022-11-20T16:18:25 MSK" duration-ms="12231">
      <class name="functional_test.LoginCavlinKleinTest">
        <test-method is-config="true" signature="getDriver()[pri:0, instance:functional_test.LoginCavlinKleinTest@473b46c3]" started-at="2022-11-20T16:18:13 MSK" name="getDriver" finished-at="2022-11-20T16:18:16 MSK" duration-ms="2775" status="PASS">
          <reporter-output>
          </reporter-output>
        </test-method> <!-- getDriver -->
        <test-method signature="testHomePage()[pri:0, instance:functional_test.LoginCavlinKleinTest@473b46c3]" started-at="2022-11-20T16:18:16 MSK" name="testHomePage" description="Test empty wishlist" finished-at="2022-11-20T16:18:25 MSK" duration-ms="9322" status="PASS">
          <reporter-output>
          </reporter-output>
        </test-method> <!-- testHomePage -->
        <test-method is-config="true" signature="resetDriver()[pri:0, instance:functional_test.LoginCavlinKleinTest@473b46c3]" started-at="2022-11-20T16:18:25 MSK" name="resetDriver" finished-at="2022-11-20T16:18:25 MSK" duration-ms="104" status="PASS">
          <reporter-output>
          </reporter-output>
        </test-method> <!-- resetDriver -->
      </class> <!-- functional_test.LoginCavlinKleinTest -->
    </test> <!-- Command line test -->
  </suite> <!-- functional_test.LoginCavlinKleinTest -->
</testng-results>
